[0.455s] Invoking command in '/home/yusuf/Desktop/ros2_ws/src/build/my_py_pkg': DEBUGINFOD_URLS=https://debuginfod.ubuntu.com PS1=\[\e]0;\u@\h: \w\a\]${debian_chroot:+($debian_chroot)}\[\033[01;32m\]\u@\h\[\033[00m\]:\[\033[01;34m\]\w\[\033[00m\]\$ PYTHONPATH=/home/yusuf/Desktop/ros2_ws/src/build/my_py_pkg/prefix_override:/usr/lib/python3/dist-packages/colcon_core/task/python/colcon_distutils_commands:/home/yusuf/Desktop/ros2_ws/src/install/my_py_pkg/lib/python3.12/site-packages:${PYTHONPATH} VIRTUAL_ENV_PROMPT=(venv-ardupilot) /usr/bin/python3 -W ignore:setup.py install is deprecated -W ignore:easy_install command is deprecated setup.py develop --editable --build-directory /home/yusuf/Desktop/ros2_ws/src/build/my_py_pkg/build --no-deps symlink_data --force
[0.640s] running develop
[0.739s] running egg_info
[0.749s] writing my_py_pkg.egg-info/PKG-INFO
[0.749s] writing dependency_links to my_py_pkg.egg-info/dependency_links.txt
[0.749s] writing entry points to my_py_pkg.egg-info/entry_points.txt
[0.749s] writing requirements to my_py_pkg.egg-info/requires.txt
[0.749s] writing top-level names to my_py_pkg.egg-info/top_level.txt
[0.769s] reading manifest file 'my_py_pkg.egg-info/SOURCES.txt'
[0.769s] writing manifest file 'my_py_pkg.egg-info/SOURCES.txt'
[0.780s] running build_ext
[0.781s] Creating /home/yusuf/Desktop/ros2_ws/src/install/my_py_pkg/lib/python3.12/site-packages/my-py-pkg.egg-link (link to .)
[0.781s] Installing add_two_ints_server script to /home/yusuf/Desktop/ros2_ws/src/install/my_py_pkg/lib/my_py_pkg
[0.781s] Installing my_py_node script to /home/yusuf/Desktop/ros2_ws/src/install/my_py_pkg/lib/my_py_pkg
[0.781s] Installing satellite script to /home/yusuf/Desktop/ros2_ws/src/install/my_py_pkg/lib/my_py_pkg
[0.781s] Installing state_publisher script to /home/yusuf/Desktop/ros2_ws/src/install/my_py_pkg/lib/my_py_pkg
[0.781s] 
[0.781s] Installed /home/yusuf/Desktop/ros2_ws/src/build/my_py_pkg
[0.781s] running symlink_data
[0.782s] symbolically linking /home/yusuf/Desktop/ros2_ws/src/build/my_py_pkg/resource/my_py_pkg -> /home/yusuf/Desktop/ros2_ws/src/install/my_py_pkg/share/ament_index/resource_index/packages
[0.782s] symbolically linking /home/yusuf/Desktop/ros2_ws/src/build/my_py_pkg/package.xml -> /home/yusuf/Desktop/ros2_ws/src/install/my_py_pkg/share/my_py_pkg
[0.800s] Invoked command in '/home/yusuf/Desktop/ros2_ws/src/build/my_py_pkg' returned '0': DEBUGINFOD_URLS=https://debuginfod.ubuntu.com PS1=\[\e]0;\u@\h: \w\a\]${debian_chroot:+($debian_chroot)}\[\033[01;32m\]\u@\h\[\033[00m\]:\[\033[01;34m\]\w\[\033[00m\]\$ PYTHONPATH=/home/yusuf/Desktop/ros2_ws/src/build/my_py_pkg/prefix_override:/usr/lib/python3/dist-packages/colcon_core/task/python/colcon_distutils_commands:/home/yusuf/Desktop/ros2_ws/src/install/my_py_pkg/lib/python3.12/site-packages:${PYTHONPATH} VIRTUAL_ENV_PROMPT=(venv-ardupilot) /usr/bin/python3 -W ignore:setup.py install is deprecated -W ignore:easy_install command is deprecated setup.py develop --editable --build-directory /home/yusuf/Desktop/ros2_ws/src/build/my_py_pkg/build --no-deps symlink_data --force
